1 x 1|| 000000
1 x 1|| 000000
0 x 1|| 000000
0 x 1|| 000100
1 x 1|| 000000
1 x 1|| 000000
1 x 1|| 000000
0 x 1|| 000000
0 x 1|| 000100
0 x 1|| 000110
0 x 1|| 000111
0 x 1|| 000000
0 x 1|| 000100
0 x 1|| 000110
0 x 1|| 000111
0 x 1|| 000000
0 x 1|| 000100
0 x 1|| 000110
0 x 1|| 000111
0 x 1|| 000000
0 x 1|| 000100
0 x 1|| 000110
0 x 1|| 000111
0 x 1|| 000000
0 x 1|| 000100
0 x 1|| 000110
0 x 1|| 000111
0 x 1|| 000000
0 x 1|| 000100
0 x 1|| 000110
0 x 1|| 000111
0 x 1|| 000000
0 x 1|| 000100
0 x 1|| 000110
0 x 1|| 000111
0 x 1|| 000000
0 x 1|| 000100
0 x 1|| 000110
0 x 1|| 000111
0 x 1|| 000000
0 x 1|| 000100
0 x 1|| 000110
0 x 1|| 000111
0 x 1|| 000000
0 x 1|| 000100
0 x 1|| 000110
0 x 1|| 000111
0 x 1|| 000000
0 x 1|| 000100
0 x 1|| 000110
0 x 1|| 000111
0 x 1|| 000000
0 x 1|| 000100
0 x 1|| 000110
0 x 1|| 000111
0 x 1|| 000000
0 x 1|| 000100
0 x 1|| 000110
0 x 1|| 000111
0 x 1|| 000000
0 x 1|| 000100
0 x 1|| 000110
0 x 1|| 000111
0 x 1|| 000000
0 x 1|| 000100
0 x 1|| 000110
0 x 1|| 000111
0 x 1|| 000000
0 x 1|| 000100
0 x 1|| 000110
0 x 1|| 000111
0 x 1|| 000000
0 x 1|| 000100
0 x 1|| 000110
0 x 1|| 000111
0 x 1|| 000000
0 x 1|| 000100
0 x 1|| 000110
0 x 1|| 000111
0 x 1|| 000000
0 x 1|| 000100
0 x 1|| 000110
0 x 1|| 000111
0 x 1|| 000000
0 x 1|| 000100
0 x 1|| 000110
0 x 1|| 000111
0 x 1|| 000000
0 x 1|| 000100
0 x 1|| 000110
0 x 1|| 000111
0 x 1|| 000000
0 x 1|| 000100
0 x 1|| 000110
0 x 1|| 000111
0 x 1|| 000000
0 x 1|| 000100
0 x 1|| 000110
0 x 1|| 000111
